2017-05-17 18:12:01.549  INFO 27799 --- [main] c.siyu.GreetingControllerDocumentation   : Starting GreetingControllerDocumentation on meifans.local with PID 27799 (started by pengfei.zhao in /Users/pengfei.zhao/Project/meifans/archetype/practice-service)
2017-05-17 18:12:01.550  INFO 27799 --- [main] c.siyu.GreetingControllerDocumentation   : No active profile set, falling back to default profiles: default
2017-05-17 18:12:01.860  INFO 27799 --- [main] o.s.w.c.s.GenericWebApplicationContext   : Refreshing org.springframework.web.context.support.GenericWebApplicationContext@10b9db7b: startup date [Wed May 17 18:12:01 CST 2017]; root of context hierarchy
2017-05-17 18:12:05.139  INFO 27799 --- [main] s.w.s.m.m.a.RequestMappingHandlerAdapter : Looking for @ControllerAdvice: org.springframework.web.context.support.GenericWebApplicationContext@10b9db7b: startup date [Wed May 17 18:12:01 CST 2017]; root of context hierarchy
2017-05-17 18:12:05.440  INFO 27799 --- [main] s.w.s.m.m.a.RequestMappingHandlerMapping : Mapped "{[/api/greetings/{id}],methods=[PUT]}" onto public com.siyu.entity.Greeting com.siyu.controller.GreetingController.update(java.lang.Long,com.siyu.entity.Greeting)
2017-05-17 18:12:05.444  INFO 27799 --- [main] s.w.s.m.m.a.RequestMappingHandlerMapping : Mapped "{[/api/greetings],methods=[GET]}" onto public org.springframework.data.domain.Page<com.siyu.entity.Greeting> com.siyu.controller.GreetingController.find(org.springframework.data.domain.Pageable)
2017-05-17 18:12:05.445  INFO 27799 --- [main] s.w.s.m.m.a.RequestMappingHandlerMapping : Mapped "{[/api/greetings/{id}],methods=[DELETE]}" onto public void com.siyu.controller.GreetingController.delete(java.lang.Long)
2017-05-17 18:12:05.447  INFO 27799 --- [main] s.w.s.m.m.a.RequestMappingHandlerMapping : Mapped "{[/api/greetings/],methods=[POST]}" onto public com.siyu.entity.Greeting com.siyu.controller.GreetingController.create(com.siyu.entity.Greeting,boolean)
2017-05-17 18:12:05.448  INFO 27799 --- [main] s.w.s.m.m.a.RequestMappingHandlerMapping : Mapped "{[/api/greetings/{id}],methods=[GET]}" onto public com.siyu.entity.Greeting com.siyu.controller.GreetingController.findOne(java.lang.Long)
2017-05-17 18:12:05.455  INFO 27799 --- [main] s.w.s.m.m.a.RequestMappingHandlerMapping : Mapped "{[/error]}" onto public org.springframework.http.ResponseEntity<java.util.Map<java.lang.String, java.lang.Object>> org.springframework.boot.autoconfigure.web.BasicErrorController.error(javax.servlet.http.HttpServletRequest)
2017-05-17 18:12:05.458  INFO 27799 --- [main] s.w.s.m.m.a.RequestMappingHandlerMapping : Mapped "{[/error],produces=[text/html]}" onto public org.springframework.web.servlet.ModelAndView org.springframework.boot.autoconfigure.web.BasicErrorController.errorHtml(javax.servlet.http.HttpServletRequest,javax.servlet.http.HttpServletResponse)
2017-05-17 18:12:05.597  INFO 27799 --- [main] o.s.w.s.handler.SimpleUrlHandlerMapping  : Mapped URL path [/webjars/**] onto handler of type [class org.springframework.web.servlet.resource.ResourceHttpRequestHandler]
2017-05-17 18:12:05.599  INFO 27799 --- [main] o.s.w.s.handler.SimpleUrlHandlerMapping  : Mapped URL path [/**] onto handler of type [class org.springframework.web.servlet.resource.ResourceHttpRequestHandler]
2017-05-17 18:12:05.885  INFO 27799 --- [main] o.s.w.s.handler.SimpleUrlHandlerMapping  : Mapped URL path [/**/favicon.ico] onto handler of type [class org.springframework.web.servlet.resource.ResourceHttpRequestHandler]
2017-05-17 18:12:06.247  INFO 27799 --- [main] o.s.b.t.m.w.SpringBootMockServletContext : Initializing Spring FrameworkServlet ''
2017-05-17 18:12:06.249  INFO 27799 --- [main] o.s.t.web.servlet.TestDispatcherServlet  : FrameworkServlet '': initialization started
2017-05-17 18:12:06.275  INFO 27799 --- [main] o.s.t.web.servlet.TestDispatcherServlet  : FrameworkServlet '': initialization completed in 26 ms
2017-05-17 18:12:06.373  INFO 27799 --- [main] c.siyu.GreetingControllerDocumentation   : Started GreetingControllerDocumentation in 16.05 seconds (JVM running for 19.362)
2017-05-17 18:12:17.120  INFO 27799 --- [main] com.siyu.GreetingControllerMockMvcTests  : Starting GreetingControllerMockMvcTests on meifans.local with PID 27799 (started by pengfei.zhao in /Users/pengfei.zhao/Project/meifans/archetype/practice-service)
2017-05-17 18:12:17.120  INFO 27799 --- [main] com.siyu.GreetingControllerMockMvcTests  : No active profile set, falling back to default profiles: default
2017-05-17 18:12:17.122  INFO 27799 --- [main] o.s.w.c.s.GenericWebApplicationContext   : Refreshing org.springframework.web.context.support.GenericWebApplicationContext@4d1ff6b1: startup date [Wed May 17 18:12:17 CST 2017]; root of context hierarchy
2017-05-17 18:12:17.529  INFO 27799 --- [main] s.w.s.m.m.a.RequestMappingHandlerAdapter : Looking for @ControllerAdvice: org.springframework.web.context.support.GenericWebApplicationContext@4d1ff6b1: startup date [Wed May 17 18:12:17 CST 2017]; root of context hierarchy
2017-05-17 18:12:17.548  INFO 27799 --- [main] s.w.s.m.m.a.RequestMappingHandlerMapping : Mapped "{[/api/greetings/{id}],methods=[PUT]}" onto public com.siyu.entity.Greeting com.siyu.controller.GreetingController.update(java.lang.Long,com.siyu.entity.Greeting)
2017-05-17 18:12:17.549  INFO 27799 --- [main] s.w.s.m.m.a.RequestMappingHandlerMapping : Mapped "{[/api/greetings],methods=[GET]}" onto public org.springframework.data.domain.Page<com.siyu.entity.Greeting> com.siyu.controller.GreetingController.find(org.springframework.data.domain.Pageable)
2017-05-17 18:12:17.550  INFO 27799 --- [main] s.w.s.m.m.a.RequestMappingHandlerMapping : Mapped "{[/api/greetings/{id}],methods=[DELETE]}" onto public void com.siyu.controller.GreetingController.delete(java.lang.Long)
2017-05-17 18:12:17.551  INFO 27799 --- [main] s.w.s.m.m.a.RequestMappingHandlerMapping : Mapped "{[/api/greetings/],methods=[POST]}" onto public com.siyu.entity.Greeting com.siyu.controller.GreetingController.create(com.siyu.entity.Greeting,boolean)
2017-05-17 18:12:17.552  INFO 27799 --- [main] s.w.s.m.m.a.RequestMappingHandlerMapping : Mapped "{[/api/greetings/{id}],methods=[GET]}" onto public com.siyu.entity.Greeting com.siyu.controller.GreetingController.findOne(java.lang.Long)
2017-05-17 18:12:17.558  INFO 27799 --- [main] s.w.s.m.m.a.RequestMappingHandlerMapping : Mapped "{[/error]}" onto public org.springframework.http.ResponseEntity<java.util.Map<java.lang.String, java.lang.Object>> org.springframework.boot.autoconfigure.web.BasicErrorController.error(javax.servlet.http.HttpServletRequest)
2017-05-17 18:12:17.559  INFO 27799 --- [main] s.w.s.m.m.a.RequestMappingHandlerMapping : Mapped "{[/error],produces=[text/html]}" onto public org.springframework.web.servlet.ModelAndView org.springframework.boot.autoconfigure.web.BasicErrorController.errorHtml(javax.servlet.http.HttpServletRequest,javax.servlet.http.HttpServletResponse)
2017-05-17 18:12:17.593  INFO 27799 --- [main] o.s.w.s.handler.SimpleUrlHandlerMapping  : Mapped URL path [/webjars/**] onto handler of type [class org.springframework.web.servlet.resource.ResourceHttpRequestHandler]
2017-05-17 18:12:17.594  INFO 27799 --- [main] o.s.w.s.handler.SimpleUrlHandlerMapping  : Mapped URL path [/**] onto handler of type [class org.springframework.web.servlet.resource.ResourceHttpRequestHandler]
2017-05-17 18:12:17.627  INFO 27799 --- [main] o.s.w.s.handler.SimpleUrlHandlerMapping  : Mapped URL path [/**/favicon.ico] onto handler of type [class org.springframework.web.servlet.resource.ResourceHttpRequestHandler]
2017-05-17 18:12:17.669  INFO 27799 --- [main] o.s.b.t.m.w.SpringBootMockServletContext : Initializing Spring FrameworkServlet ''
2017-05-17 18:12:17.670  INFO 27799 --- [main] o.s.t.web.servlet.TestDispatcherServlet  : FrameworkServlet '': initialization started
2017-05-17 18:12:17.674  INFO 27799 --- [main] o.s.t.web.servlet.TestDispatcherServlet  : FrameworkServlet '': initialization completed in 4 ms
2017-05-17 18:12:17.766  INFO 27799 --- [main] com.siyu.GreetingControllerMockMvcTests  : Started GreetingControllerMockMvcTests in 10.803 seconds (JVM running for 30.755)
2017-05-17 18:12:17.782  INFO 27799 --- [main] o.s.b.t.m.w.SpringBootMockServletContext : Initializing Spring FrameworkServlet ''
2017-05-17 18:12:17.783  INFO 27799 --- [main] o.s.t.web.servlet.TestDispatcherServlet  : FrameworkServlet '': initialization started
2017-05-17 18:12:17.789  INFO 27799 --- [main] o.s.t.web.servlet.TestDispatcherServlet  : FrameworkServlet '': initialization completed in 5 ms
2017-05-17 18:12:17.885  INFO 27799 --- [main] o.s.b.t.m.w.SpringBootMockServletContext : Initializing Spring FrameworkServlet ''
2017-05-17 18:12:17.886  INFO 27799 --- [main] o.s.t.web.servlet.TestDispatcherServlet  : FrameworkServlet '': initialization started
2017-05-17 18:12:17.892  INFO 27799 --- [main] o.s.t.web.servlet.TestDispatcherServlet  : FrameworkServlet '': initialization completed in 6 ms
2017-05-17 18:12:28.366  INFO 27799 --- [main] com.siyu.GreetingRepositoryTests         : Starting GreetingRepositoryTests on meifans.local with PID 27799 (started by pengfei.zhao in /Users/pengfei.zhao/Project/meifans/archetype/practice-service)
2017-05-17 18:12:28.366  INFO 27799 --- [main] com.siyu.GreetingRepositoryTests         : No active profile set, falling back to default profiles: default
2017-05-17 18:12:28.368  INFO 27799 --- [main] s.c.a.AnnotationConfigApplicationContext : Refreshing org.springframework.context.annotation.AnnotationConfigApplicationContext@47829d6d: startup date [Wed May 17 18:12:28 CST 2017]; root of context hierarchy
2017-05-17 18:12:28.604  INFO 27799 --- [main] o.s.b.f.s.DefaultListableBeanFactory     : Overriding bean definition for bean 'dataSource' with a different definition: replacing [Root bean: class [null]; scope=; abstract=false; lazyInit=false; autowireMode=3; dependencyCheck=0; autowireCandidate=true; primary=false; factoryBeanName=org.springframework.boot.autoconfigure.jdbc.DataSourceConfiguration$Generic; factoryMethodName=dataSource; initMethodName=null; destroyMethodName=(inferred); defined in class path resource [org/springframework/boot/autoconfigure/jdbc/DataSourceConfiguration$Generic.class]] with [Root bean: class [null]; scope=; abstract=false; lazyInit=false; autowireMode=3; dependencyCheck=0; autowireCandidate=true; primary=false; factoryBeanName=org.springframework.boot.autoconfigure.jdbc.DataSourceConfiguration$Hikari; factoryMethodName=dataSource; initMethodName=null; destroyMethodName=(inferred); defined in class path resource [org/springframework/boot/autoconfigure/jdbc/DataSourceConfiguration$Hikari.class]]
2017-05-17 18:12:28.695  INFO 27799 --- [main] beddedDataSourceBeanFactoryPostProcessor : Replacing 'dataSource' DataSource bean with embedded version
2017-05-17 18:12:28.696  INFO 27799 --- [main] o.s.b.f.s.DefaultListableBeanFactory     : Overriding bean definition for bean 'dataSource' with a different definition: replacing [Root bean: class [null]; scope=; abstract=false; lazyInit=false; autowireMode=3; dependencyCheck=0; autowireCandidate=true; primary=false; factoryBeanName=org.springframework.boot.autoconfigure.jdbc.DataSourceConfiguration$Hikari; factoryMethodName=dataSource; initMethodName=null; destroyMethodName=(inferred); defined in class path resource [org/springframework/boot/autoconfigure/jdbc/DataSourceConfiguration$Hikari.class]] with [Root bean: class [org.springframework.boot.test.autoconfigure.jdbc.TestDatabaseAutoConfiguration$EmbeddedDataSourceFactoryBean]; scope=; abstract=false; lazyInit=false; autowireMode=0; dependencyCheck=0; autowireCandidate=true; primary=false; factoryBeanName=null; factoryMethodName=null; initMethodName=null; destroyMethodName=null]
2017-05-17 18:12:28.697  WARN 27799 --- [main] o.s.c.a.ConfigurationClassPostProcessor  : Cannot enhance @Configuration bean definition 'embeddedDataSourceBeanFactoryPostProcessor' since its singleton instance has been created too early. The typical cause is a non-static @Bean method with a BeanDefinitionRegistryPostProcessor return type: Consider declaring such methods as 'static'.
2017-05-17 18:12:28.807  INFO 27799 --- [main] o.s.j.d.e.EmbeddedDatabaseFactory        : Starting embedded database: url='jdbc:h2:mem:d73225cc-0831-4e3e-b3b8-2eb5371d25b0;DB_CLOSE_DELAY=-1;DB_CLOSE_ON_EXIT=false', username='sa'
2017-05-17 18:12:29.226  INFO 27799 --- [main] j.LocalContainerEntityManagerFactoryBean : Building JPA container EntityManagerFactory for persistence unit 'default'
2017-05-17 18:12:29.256  INFO 27799 --- [main] o.hibernate.jpa.internal.util.LogHelper  : HHH000204: Processing PersistenceUnitInfo [
	name: default
	...]
2017-05-17 18:12:29.367  INFO 27799 --- [main] org.hibernate.Version                    : HHH000412: Hibernate Core {5.0.12.Final}
2017-05-17 18:12:29.368  INFO 27799 --- [main] org.hibernate.cfg.Environment            : HHH000206: hibernate.properties not found
2017-05-17 18:12:29.370  INFO 27799 --- [main] org.hibernate.cfg.Environment            : HHH000021: Bytecode provider name : javassist
2017-05-17 18:12:29.425  INFO 27799 --- [main] o.hibernate.annotations.common.Version   : HCANN000001: Hibernate Commons Annotations {5.0.1.Final}
2017-05-17 18:12:29.625  INFO 27799 --- [main] org.hibernate.dialect.Dialect            : HHH000400: Using dialect: org.hibernate.dialect.H2Dialect
2017-05-17 18:12:30.247  INFO 27799 --- [main] org.hibernate.tool.hbm2ddl.SchemaUpdate  : HHH000228: Running hbm2ddl schema update
2017-05-17 18:12:30.267  INFO 27799 --- [main] rmationExtractorJdbcDatabaseMetaDataImpl : HHH000262: Table not found: greeting
2017-05-17 18:12:30.269  INFO 27799 --- [main] rmationExtractorJdbcDatabaseMetaDataImpl : HHH000262: Table not found: greeting
2017-05-17 18:12:30.333  INFO 27799 --- [main] j.LocalContainerEntityManagerFactoryBean : Initialized JPA EntityManagerFactory for persistence unit 'default'
2017-05-17 18:12:30.773  INFO 27799 --- [main] com.siyu.GreetingRepositoryTests         : Started GreetingRepositoryTests in 12.496 seconds (JVM running for 43.762)
2017-05-17 18:12:30.832  INFO 27799 --- [main] o.s.t.c.transaction.TransactionContext   : Began transaction (1) for test context [DefaultTestContext@73d83141 testClass = GreetingRepositoryTests, testInstance = com.siyu.GreetingRepositoryTests@31443680, testMethod = testCantFindMickey@GreetingRepositoryTests, testException = [null], mergedContextConfiguration = [MergedContextConfiguration@13aa54f1 testClass = GreetingRepositoryTests, locations = '{}', classes = '{class com.siyu.ResourcesService}', contextInitializerClasses = '[]', activeProfiles = '{}', propertySourceLocations = '{}', propertySourceProperties = '{org.springframework.boot.test.context.SpringBootTestContextBootstrapper=true}', contextCustomizers = set[[ImportsContextCustomizer@26d7cb0d key = [org.springframework.boot.autoconfigure.cache.CacheAutoConfiguration, org.springframework.boot.autoconfigure.data.jpa.JpaRepositoriesAutoConfiguration, org.springframework.boot.autoconfigure.flyway.FlywayAutoConfiguration, org.springframework.boot.autoconfigure.jdbc.DataSourceAutoConfiguration, org.springframework.boot.autoconfigure.jdbc.DataSourceTransactionManagerAutoConfiguration, org.springframework.boot.autoconfigure.jdbc.JdbcTemplateAutoConfiguration, org.springframework.boot.autoconfigure.liquibase.LiquibaseAutoConfiguration, org.springframework.boot.autoconfigure.orm.jpa.HibernateJpaAutoConfiguration, org.springframework.boot.autoconfigure.transaction.TransactionAutoConfiguration, org.springframework.boot.test.autoconfigure.jdbc.TestDatabaseAutoConfiguration, org.springframework.boot.test.autoconfigure.orm.jpa.TestEntityManagerAutoConfiguration, Package Import com.siyu]], org.springframework.boot.test.context.filter.ExcludeFilterContextCustomizer@282003e1, org.springframework.boot.test.mock.mockito.MockitoContextCustomizer@0, org.springframework.boot.test.autoconfigure.OverrideAutoConfigurationContextCustomizerFactory$DisableAutoConfigurationContextCustomizer@473b46c3, org.springframework.boot.test.autoconfigure.filter.TypeExcludeFiltersContextCustomizer@351584c0, org.springframework.boot.test.autoconfigure.properties.PropertyMappingContextCustomizer@b7532d26, org.springframework.boot.test.autoconfigure.web.servlet.WebDriverContextCustomizerFactory$Customizer@15bb6bea], contextLoader = 'org.springframework.boot.test.context.SpringBootContextLoader', parent = [null]]]; transaction manager [org.springframework.orm.jpa.JpaTransactionManager@1a336906]; rollback [true]
2017-05-17 18:12:30.904  INFO 27799 --- [main] o.h.h.i.QueryTranslatorFactoryInitiator  : HHH000397: Using ASTQueryTranslatorFactory
2017-05-17 18:12:31.092  INFO 27799 --- [main] o.s.t.c.transaction.TransactionContext   : Rolled back transaction for test context [DefaultTestContext@73d83141 testClass = GreetingRepositoryTests, testInstance = com.siyu.GreetingRepositoryTests@31443680, testMethod = testCantFindMickey@GreetingRepositoryTests, testException = [null], mergedContextConfiguration = [MergedContextConfiguration@13aa54f1 testClass = GreetingRepositoryTests, locations = '{}', classes = '{class com.siyu.ResourcesService}', contextInitializerClasses = '[]', activeProfiles = '{}', propertySourceLocations = '{}', propertySourceProperties = '{org.springframework.boot.test.context.SpringBootTestContextBootstrapper=true}', contextCustomizers = set[[ImportsContextCustomizer@26d7cb0d key = [org.springframework.boot.autoconfigure.cache.CacheAutoConfiguration, org.springframework.boot.autoconfigure.data.jpa.JpaRepositoriesAutoConfiguration, org.springframework.boot.autoconfigure.flyway.FlywayAutoConfiguration, org.springframework.boot.autoconfigure.jdbc.DataSourceAutoConfiguration, org.springframework.boot.autoconfigure.jdbc.DataSourceTransactionManagerAutoConfiguration, org.springframework.boot.autoconfigure.jdbc.JdbcTemplateAutoConfiguration, org.springframework.boot.autoconfigure.liquibase.LiquibaseAutoConfiguration, org.springframework.boot.autoconfigure.orm.jpa.HibernateJpaAutoConfiguration, org.springframework.boot.autoconfigure.transaction.TransactionAutoConfiguration, org.springframework.boot.test.autoconfigure.jdbc.TestDatabaseAutoConfiguration, org.springframework.boot.test.autoconfigure.orm.jpa.TestEntityManagerAutoConfiguration, Package Import com.siyu]], org.springframework.boot.test.context.filter.ExcludeFilterContextCustomizer@282003e1, org.springframework.boot.test.mock.mockito.MockitoContextCustomizer@0, org.springframework.boot.test.autoconfigure.OverrideAutoConfigurationContextCustomizerFactory$DisableAutoConfigurationContextCustomizer@473b46c3, org.springframework.boot.test.autoconfigure.filter.TypeExcludeFiltersContextCustomizer@351584c0, org.springframework.boot.test.autoconfigure.properties.PropertyMappingContextCustomizer@b7532d26, org.springframework.boot.test.autoconfigure.web.servlet.WebDriverContextCustomizerFactory$Customizer@15bb6bea], contextLoader = 'org.springframework.boot.test.context.SpringBootContextLoader', parent = [null]]].
2017-05-17 18:12:31.168  INFO 27799 --- [main] ilder$StaticRequestMappingHandlerMapping : Mapped "{[/api/greetings/{id}],methods=[PUT]}" onto public com.siyu.entity.Greeting com.siyu.controller.GreetingController.update(java.lang.Long,com.siyu.entity.Greeting)
2017-05-17 18:12:31.168  INFO 27799 --- [main] ilder$StaticRequestMappingHandlerMapping : Mapped "{[/api/greetings],methods=[GET]}" onto public org.springframework.data.domain.Page<com.siyu.entity.Greeting> com.siyu.controller.GreetingController.find(org.springframework.data.domain.Pageable)
2017-05-17 18:12:31.168  INFO 27799 --- [main] ilder$StaticRequestMappingHandlerMapping : Mapped "{[/api/greetings/{id}],methods=[DELETE]}" onto public void com.siyu.controller.GreetingController.delete(java.lang.Long)
2017-05-17 18:12:31.170  INFO 27799 --- [main] ilder$StaticRequestMappingHandlerMapping : Mapped "{[/api/greetings/],methods=[POST]}" onto public com.siyu.entity.Greeting com.siyu.controller.GreetingController.create(com.siyu.entity.Greeting,boolean)
2017-05-17 18:12:31.170  INFO 27799 --- [main] ilder$StaticRequestMappingHandlerMapping : Mapped "{[/api/greetings/{id}],methods=[GET]}" onto public com.siyu.entity.Greeting com.siyu.controller.GreetingController.findOne(java.lang.Long)
2017-05-17 18:12:31.179  INFO 27799 --- [main] s.w.s.m.m.a.RequestMappingHandlerAdapter : Looking for @ControllerAdvice: org.springframework.test.web.servlet.setup.StubWebApplicationContext@25dad235
2017-05-17 18:12:31.183  INFO 27799 --- [main] o.s.mock.web.MockServletContext          : Initializing Spring FrameworkServlet ''
2017-05-17 18:12:31.183  INFO 27799 --- [main] o.s.t.web.servlet.TestDispatcherServlet  : FrameworkServlet '': initialization started
2017-05-17 18:12:31.183  INFO 27799 --- [main] o.s.t.web.servlet.TestDispatcherServlet  : FrameworkServlet '': initialization completed in 0 ms
2017-05-17 18:12:41.299  INFO 27799 --- [main] com.siyu.ResourcesServiceRestAssuredIT   : Starting ResourcesServiceRestAssuredIT on meifans.local with PID 27799 (started by pengfei.zhao in /Users/pengfei.zhao/Project/meifans/archetype/practice-service)
2017-05-17 18:12:41.300  INFO 27799 --- [main] com.siyu.ResourcesServiceRestAssuredIT   : The following profiles are active: it.env
2017-05-17 18:12:41.304  INFO 27799 --- [main] ationConfigEmbeddedWebApplicationContext : Refreshing org.springframework.boot.context.embedded.AnnotationConfigEmbeddedWebApplicationContext@1fcc3461: startup date [Wed May 17 18:12:41 CST 2017]; root of context hierarchy
2017-05-17 18:12:41.650  INFO 27799 --- [main] o.s.b.f.s.DefaultListableBeanFactory     : Overriding bean definition for bean 'dataSource' with a different definition: replacing [Root bean: class [null]; scope=; abstract=false; lazyInit=false; autowireMode=3; dependencyCheck=0; autowireCandidate=true; primary=false; factoryBeanName=org.springframework.boot.autoconfigure.jdbc.DataSourceConfiguration$Generic; factoryMethodName=dataSource; initMethodName=null; destroyMethodName=(inferred); defined in class path resource [org/springframework/boot/autoconfigure/jdbc/DataSourceConfiguration$Generic.class]] with [Root bean: class [null]; scope=; abstract=false; lazyInit=false; autowireMode=3; dependencyCheck=0; autowireCandidate=true; primary=false; factoryBeanName=org.springframework.boot.autoconfigure.jdbc.DataSourceConfiguration$Hikari; factoryMethodName=dataSource; initMethodName=null; destroyMethodName=(inferred); defined in class path resource [org/springframework/boot/autoconfigure/jdbc/DataSourceConfiguration$Hikari.class]]
2017-05-17 18:12:42.144  INFO 27799 --- [main] org.eclipse.jetty.util.log               : Logging initialized @55134ms to org.eclipse.jetty.util.log.Slf4jLog
2017-05-17 18:12:42.262  INFO 27799 --- [main] e.j.JettyEmbeddedServletContainerFactory : Server initialized with port: 0
2017-05-17 18:12:42.265  INFO 27799 --- [main] org.eclipse.jetty.server.Server          : jetty-9.4.4.v20170414
2017-05-17 18:12:42.414  INFO 27799 --- [main] org.eclipse.jetty.server.session         : DefaultSessionIdManager workerName=node0
2017-05-17 18:12:42.414  INFO 27799 --- [main] org.eclipse.jetty.server.session         : No SessionScavenger set, using defaults
2017-05-17 18:12:42.417  INFO 27799 --- [main] org.eclipse.jetty.server.session         : Scavenging every 600000ms
2017-05-17 18:12:42.424  INFO 27799 --- [main] o.e.j.s.h.ContextHandler.application     : Initializing Spring embedded WebApplicationContext
2017-05-17 18:12:42.424  INFO 27799 --- [main] o.s.web.context.ContextLoader            : Root WebApplicationContext: initialization completed in 1120 ms
2017-05-17 18:12:42.627  INFO 27799 --- [main] o.s.b.w.servlet.ServletRegistrationBean  : Mapping servlet: 'dispatcherServlet' to [/]
2017-05-17 18:12:42.629  INFO 27799 --- [main] o.s.b.w.servlet.ServletRegistrationBean  : Mapping servlet: 'webServlet' to [/h2-console/*]
2017-05-17 18:12:42.630  INFO 27799 --- [main] o.s.b.w.servlet.FilterRegistrationBean   : Mapping filter: 'metricsFilter' to: [/*]
2017-05-17 18:12:42.630  INFO 27799 --- [main] o.s.b.w.servlet.FilterRegistrationBean   : Mapping filter: 'characterEncodingFilter' to: [/*]
2017-05-17 18:12:42.630  INFO 27799 --- [main] o.s.b.w.servlet.FilterRegistrationBean   : Mapping filter: 'hiddenHttpMethodFilter' to: [/*]
2017-05-17 18:12:42.631  INFO 27799 --- [main] o.s.b.w.servlet.FilterRegistrationBean   : Mapping filter: 'httpPutFormContentFilter' to: [/*]
2017-05-17 18:12:42.631  INFO 27799 --- [main] o.s.b.w.servlet.FilterRegistrationBean   : Mapping filter: 'requestContextFilter' to: [/*]
2017-05-17 18:12:42.631  INFO 27799 --- [main] o.s.b.w.servlet.FilterRegistrationBean   : Mapping filter: 'webRequestLoggingFilter' to: [/*]
2017-05-17 18:12:42.631  INFO 27799 --- [main] o.s.b.w.servlet.FilterRegistrationBean   : Mapping filter: 'applicationContextIdFilter' to: [/*]
2017-05-17 18:12:43.117  INFO 27799 --- [main] o.e.jetty.server.handler.ContextHandler  : Started o.s.b.c.e.j.JettyEmbeddedWebAppContext@7be6dabb{/,[file:///private/var/folders/f0/k92k3z850c752plyfjxxqy5c0000gp/T/jetty-docbase.6410514768464527364.0/],AVAILABLE}
2017-05-17 18:12:43.117  INFO 27799 --- [main] org.eclipse.jetty.server.Server          : Started @56107ms
2017-05-17 18:12:43.227  INFO 27799 --- [main] j.LocalContainerEntityManagerFactoryBean : Building JPA container EntityManagerFactory for persistence unit 'default'
2017-05-17 18:12:43.227  INFO 27799 --- [main] o.hibernate.jpa.internal.util.LogHelper  : HHH000204: Processing PersistenceUnitInfo [
	name: default
	...]
2017-05-17 18:12:43.234  INFO 27799 --- [main] com.zaxxer.hikari.HikariDataSource       : HikariPool-1 - Started.
2017-05-17 18:12:43.267  INFO 27799 --- [main] org.hibernate.dialect.Dialect            : HHH000400: Using dialect: org.hibernate.dialect.H2Dialect
2017-05-17 18:12:43.289  INFO 27799 --- [main] org.hibernate.tool.hbm2ddl.SchemaUpdate  : HHH000228: Running hbm2ddl schema update
2017-05-17 18:12:43.298  INFO 27799 --- [main] rmationExtractorJdbcDatabaseMetaDataImpl : HHH000262: Table not found: greeting
2017-05-17 18:12:43.298  INFO 27799 --- [main] rmationExtractorJdbcDatabaseMetaDataImpl : HHH000262: Table not found: greeting
2017-05-17 18:12:43.308  WARN 27799 --- [main] o.h.j.i.EntityManagerFactoryRegistry     : HHH000436: Entity manager factory name (default) is already registered.  If entity manager will be clustered or passivated, specify a unique value for property 'hibernate.ejb.entitymanager_factory_name'
2017-05-17 18:12:43.308  INFO 27799 --- [main] j.LocalContainerEntityManagerFactoryBean : Initialized JPA EntityManagerFactory for persistence unit 'default'
2017-05-17 18:12:43.698  INFO 27799 --- [main] s.w.s.m.m.a.RequestMappingHandlerAdapter : Looking for @ControllerAdvice: org.springframework.boot.context.embedded.AnnotationConfigEmbeddedWebApplicationContext@1fcc3461: startup date [Wed May 17 18:12:41 CST 2017]; root of context hierarchy
2017-05-17 18:12:43.720  INFO 27799 --- [main] s.w.s.m.m.a.RequestMappingHandlerMapping : Mapped "{[/api/greetings/{id}],methods=[PUT]}" onto public com.siyu.entity.Greeting com.siyu.controller.GreetingController.update(java.lang.Long,com.siyu.entity.Greeting)
2017-05-17 18:12:43.721  INFO 27799 --- [main] s.w.s.m.m.a.RequestMappingHandlerMapping : Mapped "{[/api/greetings],methods=[GET]}" onto public org.springframework.data.domain.Page<com.siyu.entity.Greeting> com.siyu.controller.GreetingController.find(org.springframework.data.domain.Pageable)
2017-05-17 18:12:43.721  INFO 27799 --- [main] s.w.s.m.m.a.RequestMappingHandlerMapping : Mapped "{[/api/greetings/{id}],methods=[DELETE]}" onto public void com.siyu.controller.GreetingController.delete(java.lang.Long)
2017-05-17 18:12:43.721  INFO 27799 --- [main] s.w.s.m.m.a.RequestMappingHandlerMapping : Mapped "{[/api/greetings/],methods=[POST]}" onto public com.siyu.entity.Greeting com.siyu.controller.GreetingController.create(com.siyu.entity.Greeting,boolean)
2017-05-17 18:12:43.721  INFO 27799 --- [main] s.w.s.m.m.a.RequestMappingHandlerMapping : Mapped "{[/api/greetings/{id}],methods=[GET]}" onto public com.siyu.entity.Greeting com.siyu.controller.GreetingController.findOne(java.lang.Long)
2017-05-17 18:12:43.722  INFO 27799 --- [main] s.w.s.m.m.a.RequestMappingHandlerMapping : Mapped "{[/error]}" onto public org.springframework.http.ResponseEntity<java.util.Map<java.lang.String, java.lang.Object>> org.springframework.boot.autoconfigure.web.BasicErrorController.error(javax.servlet.http.HttpServletRequest)
2017-05-17 18:12:43.722  INFO 27799 --- [main] s.w.s.m.m.a.RequestMappingHandlerMapping : Mapped "{[/error],produces=[text/html]}" onto public org.springframework.web.servlet.ModelAndView org.springframework.boot.autoconfigure.web.BasicErrorController.errorHtml(javax.servlet.http.HttpServletRequest,javax.servlet.http.HttpServletResponse)
2017-05-17 18:12:43.739  INFO 27799 --- [main] o.s.w.s.handler.SimpleUrlHandlerMapping  : Mapped URL path [/webjars/**] onto handler of type [class org.springframework.web.servlet.resource.ResourceHttpRequestHandler]
2017-05-17 18:12:43.739  INFO 27799 --- [main] o.s.w.s.handler.SimpleUrlHandlerMapping  : Mapped URL path [/**] onto handler of type [class org.springframework.web.servlet.resource.ResourceHttpRequestHandler]
2017-05-17 18:12:43.760  INFO 27799 --- [main] o.s.w.s.handler.SimpleUrlHandlerMapping  : Mapped URL path [/**/favicon.ico] onto handler of type [class org.springframework.web.servlet.resource.ResourceHttpRequestHandler]
2017-05-17 18:12:44.077  INFO 27799 --- [main] o.s.b.a.e.mvc.EndpointHandlerMapping     : Mapped "{[/metrics/{name:.*}],methods=[GET],produces=[application/vnd.spring-boot.actuator.v1+json || application/json]}" onto public java.lang.Object org.springframework.boot.actuate.endpoint.mvc.MetricsMvcEndpoint.value(java.lang.String)
2017-05-17 18:12:44.077  INFO 27799 --- [main] o.s.b.a.e.mvc.EndpointHandlerMapping     : Mapped "{[/metrics || /metrics.json],methods=[GET],produces=[application/vnd.spring-boot.actuator.v1+json || application/json]}" onto public java.lang.Object org.springframework.boot.actuate.endpoint.mvc.EndpointMvcAdapter.invoke()
2017-05-17 18:12:44.078  INFO 27799 --- [main] o.s.b.a.e.mvc.EndpointHandlerMapping     : Mapped "{[/logfile || /logfile.json],methods=[GET || HEAD]}" onto public void org.springframework.boot.actuate.endpoint.mvc.LogFileMvcEndpoint.invoke(javax.servlet.http.HttpServletRequest,javax.servlet.http.HttpServletResponse) throws javax.servlet.ServletException,java.io.IOException
2017-05-17 18:12:44.078  INFO 27799 --- [main] o.s.b.a.e.mvc.EndpointHandlerMapping     : Mapped "{[/auditevents || /auditevents.json],methods=[GET],produces=[application/vnd.spring-boot.actuator.v1+json || application/json]}" onto public org.springframework.http.ResponseEntity<?> org.springframework.boot.actuate.endpoint.mvc.AuditEventsMvcEndpoint.findByPrincipalAndAfterAndType(java.lang.String,java.util.Date,java.lang.String)
2017-05-17 18:12:44.078  INFO 27799 --- [main] o.s.b.a.e.mvc.EndpointHandlerMapping     : Mapped "{[/trace || /trace.json],methods=[GET],produces=[application/vnd.spring-boot.actuator.v1+json || application/json]}" onto public java.lang.Object org.springframework.boot.actuate.endpoint.mvc.EndpointMvcAdapter.invoke()
2017-05-17 18:12:44.080  INFO 27799 --- [main] o.s.b.a.e.mvc.EndpointHandlerMapping     : Mapped "{[/loggers/{name:.*}],methods=[GET],produces=[application/vnd.spring-boot.actuator.v1+json || application/json]}" onto public java.lang.Object org.springframework.boot.actuate.endpoint.mvc.LoggersMvcEndpoint.get(java.lang.String)
2017-05-17 18:12:44.080  INFO 27799 --- [main] o.s.b.a.e.mvc.EndpointHandlerMapping     : Mapped "{[/loggers/{name:.*}],methods=[POST],consumes=[application/vnd.spring-boot.actuator.v1+json || application/json],produces=[application/vnd.spring-boot.actuator.v1+json || application/json]}" onto public java.lang.Object org.springframework.boot.actuate.endpoint.mvc.LoggersMvcEndpoint.set(java.lang.String,java.util.Map<java.lang.String, java.lang.String>)
2017-05-17 18:12:44.080  INFO 27799 --- [main] o.s.b.a.e.mvc.EndpointHandlerMapping     : Mapped "{[/loggers || /loggers.json],methods=[GET],produces=[application/vnd.spring-boot.actuator.v1+json || application/json]}" onto public java.lang.Object org.springframework.boot.actuate.endpoint.mvc.EndpointMvcAdapter.invoke()
2017-05-17 18:12:44.080  INFO 27799 --- [main] o.s.b.a.e.mvc.EndpointHandlerMapping     : Mapped "{[/beans || /beans.json],methods=[GET],produces=[application/vnd.spring-boot.actuator.v1+json || application/json]}" onto public java.lang.Object org.springframework.boot.actuate.endpoint.mvc.EndpointMvcAdapter.invoke()
2017-05-17 18:12:44.081  INFO 27799 --- [main] o.s.b.a.e.mvc.EndpointHandlerMapping     : Mapped "{[/env/{name:.*}],methods=[GET],produces=[application/vnd.spring-boot.actuator.v1+json || application/json]}" onto public java.lang.Object org.springframework.boot.actuate.endpoint.mvc.EnvironmentMvcEndpoint.value(java.lang.String)
2017-05-17 18:12:44.082  INFO 27799 --- [main] o.s.b.a.e.mvc.EndpointHandlerMapping     : Mapped "{[/env || /env.json],methods=[GET],produces=[application/vnd.spring-boot.actuator.v1+json || application/json]}" onto public java.lang.Object org.springframework.boot.actuate.endpoint.mvc.EndpointMvcAdapter.invoke()
2017-05-17 18:12:44.083  INFO 27799 --- [main] o.s.b.a.e.mvc.EndpointHandlerMapping     : Mapped "{[/info || /info.json],methods=[GET],produces=[application/vnd.spring-boot.actuator.v1+json || application/json]}" onto public java.lang.Object org.springframework.boot.actuate.endpoint.mvc.EndpointMvcAdapter.invoke()
2017-05-17 18:12:44.083  INFO 27799 --- [main] o.s.b.a.e.mvc.EndpointHandlerMapping     : Mapped "{[/health || /health.json],methods=[GET],produces=[application/vnd.spring-boot.actuator.v1+json || application/json]}" onto public java.lang.Object org.springframework.boot.actuate.endpoint.mvc.HealthMvcEndpoint.invoke(javax.servlet.http.HttpServletRequest,java.security.Principal)
2017-05-17 18:12:44.084  INFO 27799 --- [main] o.s.b.a.e.mvc.EndpointHandlerMapping     : Mapped "{[/heapdump || /heapdump.json],methods=[GET],produces=[application/octet-stream]}" onto public void org.springframework.boot.actuate.endpoint.mvc.HeapdumpMvcEndpoint.invoke(boolean,javax.servlet.http.HttpServletRequest,javax.servlet.http.HttpServletResponse) throws java.io.IOException,javax.servlet.ServletException
2017-05-17 18:12:44.085  INFO 27799 --- [main] o.s.b.a.e.mvc.EndpointHandlerMapping     : Mapped "{[/dump || /dump.json],methods=[GET],produces=[application/vnd.spring-boot.actuator.v1+json || application/json]}" onto public java.lang.Object org.springframework.boot.actuate.endpoint.mvc.EndpointMvcAdapter.invoke()
2017-05-17 18:12:44.086  INFO 27799 --- [main] o.s.b.a.e.mvc.EndpointHandlerMapping     : Mapped "{[/autoconfig || /autoconfig.json],methods=[GET],produces=[application/vnd.spring-boot.actuator.v1+json || application/json]}" onto public java.lang.Object org.springframework.boot.actuate.endpoint.mvc.EndpointMvcAdapter.invoke()
2017-05-17 18:12:44.086  INFO 27799 --- [main] o.s.b.a.e.mvc.EndpointHandlerMapping     : Mapped "{[/configprops || /configprops.json],methods=[GET],produces=[application/vnd.spring-boot.actuator.v1+json || application/json]}" onto public java.lang.Object org.springframework.boot.actuate.endpoint.mvc.EndpointMvcAdapter.invoke()
2017-05-17 18:12:44.087  INFO 27799 --- [main] o.s.b.a.e.mvc.EndpointHandlerMapping     : Mapped "{[/mappings || /mappings.json],methods=[GET],produces=[application/vnd.spring-boot.actuator.v1+json || application/json]}" onto public java.lang.Object org.springframework.boot.actuate.endpoint.mvc.EndpointMvcAdapter.invoke()
2017-05-17 18:12:49.333  INFO 27799 --- [main] o.e.j.s.h.ContextHandler.application     : Initializing Spring FrameworkServlet 'dispatcherServlet'
2017-05-17 18:12:49.334  INFO 27799 --- [main] o.s.web.servlet.DispatcherServlet        : FrameworkServlet 'dispatcherServlet': initialization started
2017-05-17 18:12:49.340  INFO 27799 --- [main] o.s.web.servlet.DispatcherServlet        : FrameworkServlet 'dispatcherServlet': initialization completed in 6 ms
2017-05-17 18:12:49.373  INFO 27799 --- [main] o.e.jetty.server.AbstractConnector       : Started ServerConnector@3a574a3b{HTTP/1.1,[http/1.1]}{0.0.0.0:50704}
2017-05-17 18:12:49.373  INFO 27799 --- [main] .s.b.c.e.j.JettyEmbeddedServletContainer : Jetty started on port(s) 50704 (http/1.1)
2017-05-17 18:12:49.375  INFO 27799 --- [main] com.siyu.ResourcesServiceRestAssuredIT   : Started ResourcesServiceRestAssuredIT in 18.179 seconds (JVM running for 62.365)
2017-05-17 18:12:49.538  INFO 27799 --- [main] o.h.h.i.QueryTranslatorFactoryInitiator  : HHH000397: Using ASTQueryTranslatorFactory
2017-05-17 18:13:01.199  INFO 27799 --- [main] com.siyu.ResourcesServiceRestTemplateIT  : Starting ResourcesServiceRestTemplateIT on meifans.local with PID 27799 (started by pengfei.zhao in /Users/pengfei.zhao/Project/meifans/archetype/practice-service)
2017-05-17 18:13:01.199  INFO 27799 --- [main] com.siyu.ResourcesServiceRestTemplateIT  : The following profiles are active: it.env
2017-05-17 18:13:01.202  INFO 27799 --- [main] ationConfigEmbeddedWebApplicationContext : Refreshing org.springframework.boot.context.embedded.AnnotationConfigEmbeddedWebApplicationContext@2524f9bf: startup date [Wed May 17 18:13:01 CST 2017]; root of context hierarchy
2017-05-17 18:13:01.425  INFO 27799 --- [main] o.s.b.f.s.DefaultListableBeanFactory     : Overriding bean definition for bean 'dataSource' with a different definition: replacing [Root bean: class [null]; scope=; abstract=false; lazyInit=false; autowireMode=3; dependencyCheck=0; autowireCandidate=true; primary=false; factoryBeanName=org.springframework.boot.autoconfigure.jdbc.DataSourceConfiguration$Generic; factoryMethodName=dataSource; initMethodName=null; destroyMethodName=(inferred); defined in class path resource [org/springframework/boot/autoconfigure/jdbc/DataSourceConfiguration$Generic.class]] with [Root bean: class [null]; scope=; abstract=false; lazyInit=false; autowireMode=3; dependencyCheck=0; autowireCandidate=true; primary=false; factoryBeanName=org.springframework.boot.autoconfigure.jdbc.DataSourceConfiguration$Hikari; factoryMethodName=dataSource; initMethodName=null; destroyMethodName=(inferred); defined in class path resource [org/springframework/boot/autoconfigure/jdbc/DataSourceConfiguration$Hikari.class]]
2017-05-17 18:13:01.597  INFO 27799 --- [main] e.j.JettyEmbeddedServletContainerFactory : Server initialized with port: 0
2017-05-17 18:13:01.598  INFO 27799 --- [main] org.eclipse.jetty.server.Server          : jetty-9.4.4.v20170414
2017-05-17 18:13:01.604  INFO 27799 --- [main] org.eclipse.jetty.server.session         : DefaultSessionIdManager workerName=node0
2017-05-17 18:13:01.604  INFO 27799 --- [main] org.eclipse.jetty.server.session         : No SessionScavenger set, using defaults
2017-05-17 18:13:01.604  INFO 27799 --- [main] org.eclipse.jetty.server.session         : Scavenging every 660000ms
2017-05-17 18:13:01.604  INFO 27799 --- [main] o.e.j.s.h.ContextHandler.application     : Initializing Spring embedded WebApplicationContext
2017-05-17 18:13:01.604  INFO 27799 --- [main] o.s.web.context.ContextLoader            : Root WebApplicationContext: initialization completed in 402 ms
2017-05-17 18:13:01.694  INFO 27799 --- [main] o.s.b.w.servlet.ServletRegistrationBean  : Mapping servlet: 'dispatcherServlet' to [/]
2017-05-17 18:13:01.694  INFO 27799 --- [main] o.s.b.w.servlet.ServletRegistrationBean  : Mapping servlet: 'webServlet' to [/h2-console/*]
2017-05-17 18:13:01.694  INFO 27799 --- [main] o.s.b.w.servlet.FilterRegistrationBean   : Mapping filter: 'metricsFilter' to: [/*]
2017-05-17 18:13:01.694  INFO 27799 --- [main] o.s.b.w.servlet.FilterRegistrationBean   : Mapping filter: 'characterEncodingFilter' to: [/*]
2017-05-17 18:13:01.695  INFO 27799 --- [main] o.s.b.w.servlet.FilterRegistrationBean   : Mapping filter: 'hiddenHttpMethodFilter' to: [/*]
2017-05-17 18:13:01.695  INFO 27799 --- [main] o.s.b.w.servlet.FilterRegistrationBean   : Mapping filter: 'httpPutFormContentFilter' to: [/*]
2017-05-17 18:13:01.695  INFO 27799 --- [main] o.s.b.w.servlet.FilterRegistrationBean   : Mapping filter: 'requestContextFilter' to: [/*]
2017-05-17 18:13:01.695  INFO 27799 --- [main] o.s.b.w.servlet.FilterRegistrationBean   : Mapping filter: 'webRequestLoggingFilter' to: [/*]
2017-05-17 18:13:01.695  INFO 27799 --- [main] o.s.b.w.servlet.FilterRegistrationBean   : Mapping filter: 'applicationContextIdFilter' to: [/*]
2017-05-17 18:13:01.697  INFO 27799 --- [main] o.e.jetty.server.handler.ContextHandler  : Started o.s.b.c.e.j.JettyEmbeddedWebAppContext@4fe91eed{/,[file:///private/var/folders/f0/k92k3z850c752plyfjxxqy5c0000gp/T/jetty-docbase.5427164775229822743.0/],AVAILABLE}
2017-05-17 18:13:01.698  INFO 27799 --- [main] org.eclipse.jetty.server.Server          : Started @74688ms
2017-05-17 18:13:01.792  INFO 27799 --- [main] j.LocalContainerEntityManagerFactoryBean : Building JPA container EntityManagerFactory for persistence unit 'default'
2017-05-17 18:13:01.792  INFO 27799 --- [main] o.hibernate.jpa.internal.util.LogHelper  : HHH000204: Processing PersistenceUnitInfo [
	name: default
	...]
2017-05-17 18:13:01.798  INFO 27799 --- [main] com.zaxxer.hikari.HikariDataSource       : HikariPool-2 - Started.
2017-05-17 18:13:01.800  INFO 27799 --- [main] org.hibernate.dialect.Dialect            : HHH000400: Using dialect: org.hibernate.dialect.H2Dialect
2017-05-17 18:13:01.821  INFO 27799 --- [main] org.hibernate.tool.hbm2ddl.SchemaUpdate  : HHH000228: Running hbm2ddl schema update
2017-05-17 18:13:01.828  WARN 27799 --- [main] o.h.j.i.EntityManagerFactoryRegistry     : HHH000436: Entity manager factory name (default) is already registered.  If entity manager will be clustered or passivated, specify a unique value for property 'hibernate.ejb.entitymanager_factory_name'
2017-05-17 18:13:01.828  INFO 27799 --- [main] j.LocalContainerEntityManagerFactoryBean : Initialized JPA EntityManagerFactory for persistence unit 'default'
2017-05-17 18:13:02.003  INFO 27799 --- [main] s.w.s.m.m.a.RequestMappingHandlerAdapter : Looking for @ControllerAdvice: org.springframework.boot.context.embedded.AnnotationConfigEmbeddedWebApplicationContext@2524f9bf: startup date [Wed May 17 18:13:01 CST 2017]; root of context hierarchy
2017-05-17 18:13:02.019  INFO 27799 --- [main] s.w.s.m.m.a.RequestMappingHandlerMapping : Mapped "{[/api/greetings/{id}],methods=[PUT]}" onto public com.siyu.entity.Greeting com.siyu.controller.GreetingController.update(java.lang.Long,com.siyu.entity.Greeting)
2017-05-17 18:13:02.020  INFO 27799 --- [main] s.w.s.m.m.a.RequestMappingHandlerMapping : Mapped "{[/api/greetings],methods=[GET]}" onto public org.springframework.data.domain.Page<com.siyu.entity.Greeting> com.siyu.controller.GreetingController.find(org.springframework.data.domain.Pageable)
2017-05-17 18:13:02.021  INFO 27799 --- [main] s.w.s.m.m.a.RequestMappingHandlerMapping : Mapped "{[/api/greetings/{id}],methods=[DELETE]}" onto public void com.siyu.controller.GreetingController.delete(java.lang.Long)
2017-05-17 18:13:02.021  INFO 27799 --- [main] s.w.s.m.m.a.RequestMappingHandlerMapping : Mapped "{[/api/greetings/],methods=[POST]}" onto public com.siyu.entity.Greeting com.siyu.controller.GreetingController.create(com.siyu.entity.Greeting,boolean)
2017-05-17 18:13:02.021  INFO 27799 --- [main] s.w.s.m.m.a.RequestMappingHandlerMapping : Mapped "{[/api/greetings/{id}],methods=[GET]}" onto public com.siyu.entity.Greeting com.siyu.controller.GreetingController.findOne(java.lang.Long)
2017-05-17 18:13:02.023  INFO 27799 --- [main] s.w.s.m.m.a.RequestMappingHandlerMapping : Mapped "{[/error]}" onto public org.springframework.http.ResponseEntity<java.util.Map<java.lang.String, java.lang.Object>> org.springframework.boot.autoconfigure.web.BasicErrorController.error(javax.servlet.http.HttpServletRequest)
2017-05-17 18:13:02.024  INFO 27799 --- [main] s.w.s.m.m.a.RequestMappingHandlerMapping : Mapped "{[/error],produces=[text/html]}" onto public org.springframework.web.servlet.ModelAndView org.springframework.boot.autoconfigure.web.BasicErrorController.errorHtml(javax.servlet.http.HttpServletRequest,javax.servlet.http.HttpServletResponse)
2017-05-17 18:13:02.059  INFO 27799 --- [main] o.s.w.s.handler.SimpleUrlHandlerMapping  : Mapped URL path [/webjars/**] onto handler of type [class org.springframework.web.servlet.resource.ResourceHttpRequestHandler]
2017-05-17 18:13:02.059  INFO 27799 --- [main] o.s.w.s.handler.SimpleUrlHandlerMapping  : Mapped URL path [/**] onto handler of type [class org.springframework.web.servlet.resource.ResourceHttpRequestHandler]
2017-05-17 18:13:02.080  INFO 27799 --- [main] o.s.w.s.handler.SimpleUrlHandlerMapping  : Mapped URL path [/**/favicon.ico] onto handler of type [class org.springframework.web.servlet.resource.ResourceHttpRequestHandler]
2017-05-17 18:13:02.231  INFO 27799 --- [main] o.s.b.a.e.mvc.EndpointHandlerMapping     : Mapped "{[/env/{name:.*}],methods=[GET],produces=[application/vnd.spring-boot.actuator.v1+json || application/json]}" onto public java.lang.Object org.springframework.boot.actuate.endpoint.mvc.EnvironmentMvcEndpoint.value(java.lang.String)
2017-05-17 18:13:02.232  INFO 27799 --- [main] o.s.b.a.e.mvc.EndpointHandlerMapping     : Mapped "{[/env || /env.json],methods=[GET],produces=[application/vnd.spring-boot.actuator.v1+json || application/json]}" onto public java.lang.Object org.springframework.boot.actuate.endpoint.mvc.EndpointMvcAdapter.invoke()
2017-05-17 18:13:02.234  INFO 27799 --- [main] o.s.b.a.e.mvc.EndpointHandlerMapping     : Mapped "{[/dump || /dump.json],methods=[GET],produces=[application/vnd.spring-boot.actuator.v1+json || application/json]}" onto public java.lang.Object org.springframework.boot.actuate.endpoint.mvc.EndpointMvcAdapter.invoke()
2017-05-17 18:13:02.234  INFO 27799 --- [main] o.s.b.a.e.mvc.EndpointHandlerMapping     : Mapped "{[/autoconfig || /autoconfig.json],methods=[GET],produces=[application/vnd.spring-boot.actuator.v1+json || application/json]}" onto public java.lang.Object org.springframework.boot.actuate.endpoint.mvc.EndpointMvcAdapter.invoke()
2017-05-17 18:13:02.235  INFO 27799 --- [main] o.s.b.a.e.mvc.EndpointHandlerMapping     : Mapped "{[/health || /health.json],methods=[GET],produces=[application/vnd.spring-boot.actuator.v1+json || application/json]}" onto public java.lang.Object org.springframework.boot.actuate.endpoint.mvc.HealthMvcEndpoint.invoke(javax.servlet.http.HttpServletRequest,java.security.Principal)
2017-05-17 18:13:02.236  INFO 27799 --- [main] o.s.b.a.e.mvc.EndpointHandlerMapping     : Mapped "{[/info || /info.json],methods=[GET],produces=[application/vnd.spring-boot.actuator.v1+json || application/json]}" onto public java.lang.Object org.springframework.boot.actuate.endpoint.mvc.EndpointMvcAdapter.invoke()
2017-05-17 18:13:02.238  INFO 27799 --- [main] o.s.b.a.e.mvc.EndpointHandlerMapping     : Mapped "{[/metrics/{name:.*}],methods=[GET],produces=[application/vnd.spring-boot.actuator.v1+json || application/json]}" onto public java.lang.Object org.springframework.boot.actuate.endpoint.mvc.MetricsMvcEndpoint.value(java.lang.String)
2017-05-17 18:13:02.239  INFO 27799 --- [main] o.s.b.a.e.mvc.EndpointHandlerMapping     : Mapped "{[/metrics || /metrics.json],methods=[GET],produces=[application/vnd.spring-boot.actuator.v1+json || application/json]}" onto public java.lang.Object org.springframework.boot.actuate.endpoint.mvc.EndpointMvcAdapter.invoke()
2017-05-17 18:13:02.241  INFO 27799 --- [main] o.s.b.a.e.mvc.EndpointHandlerMapping     : Mapped "{[/trace || /trace.json],methods=[GET],produces=[application/vnd.spring-boot.actuator.v1+json || application/json]}" onto public java.lang.Object org.springframework.boot.actuate.endpoint.mvc.EndpointMvcAdapter.invoke()
2017-05-17 18:13:02.243  INFO 27799 --- [main] o.s.b.a.e.mvc.EndpointHandlerMapping     : Mapped "{[/heapdump || /heapdump.json],methods=[GET],produces=[application/octet-stream]}" onto public void org.springframework.boot.actuate.endpoint.mvc.HeapdumpMvcEndpoint.invoke(boolean,javax.servlet.http.HttpServletRequest,javax.servlet.http.HttpServletResponse) throws java.io.IOException,javax.servlet.ServletException
2017-05-17 18:13:02.244  INFO 27799 --- [main] o.s.b.a.e.mvc.EndpointHandlerMapping     : Mapped "{[/configprops || /configprops.json],methods=[GET],produces=[application/vnd.spring-boot.actuator.v1+json || application/json]}" onto public java.lang.Object org.springframework.boot.actuate.endpoint.mvc.EndpointMvcAdapter.invoke()
2017-05-17 18:13:02.247  INFO 27799 --- [main] o.s.b.a.e.mvc.EndpointHandlerMapping     : Mapped "{[/loggers/{name:.*}],methods=[GET],produces=[application/vnd.spring-boot.actuator.v1+json || application/json]}" onto public java.lang.Object org.springframework.boot.actuate.endpoint.mvc.LoggersMvcEndpoint.get(java.lang.String)
2017-05-17 18:13:02.247  INFO 27799 --- [main] o.s.b.a.e.mvc.EndpointHandlerMapping     : Mapped "{[/loggers/{name:.*}],methods=[POST],consumes=[application/vnd.spring-boot.actuator.v1+json || application/json],produces=[application/vnd.spring-boot.actuator.v1+json || application/json]}" onto public java.lang.Object org.springframework.boot.actuate.endpoint.mvc.LoggersMvcEndpoint.set(java.lang.String,java.util.Map<java.lang.String, java.lang.String>)
2017-05-17 18:13:02.247  INFO 27799 --- [main] o.s.b.a.e.mvc.EndpointHandlerMapping     : Mapped "{[/loggers || /loggers.json],methods=[GET],produces=[application/vnd.spring-boot.actuator.v1+json || application/json]}" onto public java.lang.Object org.springframework.boot.actuate.endpoint.mvc.EndpointMvcAdapter.invoke()
2017-05-17 18:13:02.248  INFO 27799 --- [main] o.s.b.a.e.mvc.EndpointHandlerMapping     : Mapped "{[/mappings || /mappings.json],methods=[GET],produces=[application/vnd.spring-boot.actuator.v1+json || application/json]}" onto public java.lang.Object org.springframework.boot.actuate.endpoint.mvc.EndpointMvcAdapter.invoke()
2017-05-17 18:13:02.249  INFO 27799 --- [main] o.s.b.a.e.mvc.EndpointHandlerMapping     : Mapped "{[/auditevents || /auditevents.json],methods=[GET],produces=[application/vnd.spring-boot.actuator.v1+json || application/json]}" onto public org.springframework.http.ResponseEntity<?> org.springframework.boot.actuate.endpoint.mvc.AuditEventsMvcEndpoint.findByPrincipalAndAfterAndType(java.lang.String,java.util.Date,java.lang.String)
2017-05-17 18:13:02.250  INFO 27799 --- [main] o.s.b.a.e.mvc.EndpointHandlerMapping     : Mapped "{[/logfile || /logfile.json],methods=[GET || HEAD]}" onto public void org.springframework.boot.actuate.endpoint.mvc.LogFileMvcEndpoint.invoke(javax.servlet.http.HttpServletRequest,javax.servlet.http.HttpServletResponse) throws javax.servlet.ServletException,java.io.IOException
2017-05-17 18:13:02.250  INFO 27799 --- [main] o.s.b.a.e.mvc.EndpointHandlerMapping     : Mapped "{[/beans || /beans.json],methods=[GET],produces=[application/vnd.spring-boot.actuator.v1+json || application/json]}" onto public java.lang.Object org.springframework.boot.actuate.endpoint.mvc.EndpointMvcAdapter.invoke()
2017-05-17 18:13:07.417  INFO 27799 --- [main] o.e.j.s.h.ContextHandler.application     : Initializing Spring FrameworkServlet 'dispatcherServlet'
2017-05-17 18:13:07.417  INFO 27799 --- [main] o.s.web.servlet.DispatcherServlet        : FrameworkServlet 'dispatcherServlet': initialization started
2017-05-17 18:13:07.422  INFO 27799 --- [main] o.s.web.servlet.DispatcherServlet        : FrameworkServlet 'dispatcherServlet': initialization completed in 5 ms
2017-05-17 18:13:07.423  INFO 27799 --- [main] o.e.jetty.server.AbstractConnector       : Started ServerConnector@28357fc3{HTTP/1.1,[http/1.1]}{0.0.0.0:50710}
2017-05-17 18:13:07.423  INFO 27799 --- [main] .s.b.c.e.j.JettyEmbeddedServletContainer : Jetty started on port(s) 50710 (http/1.1)
2017-05-17 18:13:07.425  INFO 27799 --- [main] com.siyu.ResourcesServiceRestTemplateIT  : Started ResourcesServiceRestTemplateIT in 16.34 seconds (JVM running for 80.415)
2017-05-17 18:13:07.512  INFO 27799 --- [Thread-7] s.c.a.AnnotationConfigApplicationContext : Closing org.springframework.context.annotation.AnnotationConfigApplicationContext@47829d6d: startup date [Wed May 17 18:12:28 CST 2017]; root of context hierarchy
2017-05-17 18:13:07.513  INFO 27799 --- [Thread-5] o.s.w.c.s.GenericWebApplicationContext   : Closing org.springframework.web.context.support.GenericWebApplicationContext@4d1ff6b1: startup date [Wed May 17 18:12:17 CST 2017]; root of context hierarchy
2017-05-17 18:13:07.513  INFO 27799 --- [Thread-28] ationConfigEmbeddedWebApplicationContext : Closing org.springframework.boot.context.embedded.AnnotationConfigEmbeddedWebApplicationContext@1fcc3461: startup date [Wed May 17 18:12:41 CST 2017]; root of context hierarchy
2017-05-17 18:13:07.514  INFO 27799 --- [Thread-3] o.s.w.c.s.GenericWebApplicationContext   : Closing org.springframework.web.context.support.GenericWebApplicationContext@10b9db7b: startup date [Wed May 17 18:12:01 CST 2017]; root of context hierarchy
2017-05-17 18:13:07.514  INFO 27799 --- [Thread-51] ationConfigEmbeddedWebApplicationContext : Closing org.springframework.boot.context.embedded.AnnotationConfigEmbeddedWebApplicationContext@2524f9bf: startup date [Wed May 17 18:13:01 CST 2017]; root of context hierarchy
2017-05-17 18:13:07.520  INFO 27799 --- [Thread-7] j.LocalContainerEntityManagerFactoryBean : Closing JPA EntityManagerFactory for persistence unit 'default'
2017-05-17 18:13:07.522  INFO 27799 --- [Thread-51] j.LocalContainerEntityManagerFactoryBean : Closing JPA EntityManagerFactory for persistence unit 'default'
2017-05-17 18:13:07.522  INFO 27799 --- [Thread-28] j.LocalContainerEntityManagerFactoryBean : Closing JPA EntityManagerFactory for persistence unit 'default'
2017-05-17 18:13:07.543  INFO 27799 --- [Thread-28] com.zaxxer.hikari.pool.HikariPool        : HikariPool-1 - Close initiated...
2017-05-17 18:13:07.543  WARN 27799 --- [Thread-51] o.s.b.f.support.DisposableBeanAdapter    : Invocation of destroy method failed on bean with name 'inMemoryDatabaseShutdownExecutor': org.h2.jdbc.JdbcSQLException: The database has been closed [90098-194]
2017-05-17 18:13:07.544  INFO 27799 --- [Thread-51] com.zaxxer.hikari.pool.HikariPool        : HikariPool-2 - Close initiated...
2017-05-17 18:13:07.546  INFO 27799 --- [Thread-51] com.zaxxer.hikari.pool.HikariPool        : HikariPool-2 - Closed.
2017-05-17 18:13:07.546  INFO 27799 --- [Thread-28] com.zaxxer.hikari.pool.HikariPool        : HikariPool-1 - Closed.
2017-05-17 18:13:07.559  INFO 27799 --- [Thread-51] o.e.jetty.server.AbstractConnector       : Stopped ServerConnector@28357fc3{HTTP/1.1,[http/1.1]}{0.0.0.0:0}
2017-05-17 18:13:07.559  INFO 27799 --- [Thread-51] org.eclipse.jetty.server.session         : Stopped scavenging
2017-05-17 18:13:07.559  INFO 27799 --- [Thread-28] o.e.jetty.server.AbstractConnector       : Stopped ServerConnector@3a574a3b{HTTP/1.1,[http/1.1]}{0.0.0.0:0}
2017-05-17 18:13:07.559  INFO 27799 --- [Thread-28] org.eclipse.jetty.server.session         : Stopped scavenging
2017-05-17 18:13:07.564  INFO 27799 --- [Thread-51] o.e.j.s.h.ContextHandler.application     : Destroying Spring FrameworkServlet 'dispatcherServlet'
2017-05-17 18:13:07.564  INFO 27799 --- [Thread-28] o.e.j.s.h.ContextHandler.application     : Destroying Spring FrameworkServlet 'dispatcherServlet'
2017-05-17 18:13:07.565  INFO 27799 --- [Thread-28] o.e.jetty.server.handler.ContextHandler  : Stopped o.s.b.c.e.j.JettyEmbeddedWebAppContext@7be6dabb{/,[file:///private/var/folders/f0/k92k3z850c752plyfjxxqy5c0000gp/T/jetty-docbase.6410514768464527364.0/],UNAVAILABLE}
2017-05-17 18:13:07.565  INFO 27799 --- [Thread-51] o.e.jetty.server.handler.ContextHandler  : Stopped o.s.b.c.e.j.JettyEmbeddedWebAppContext@4fe91eed{/,[file:///private/var/folders/f0/k92k3z850c752plyfjxxqy5c0000gp/T/jetty-docbase.5427164775229822743.0/],UNAVAILABLE}
